<?xml version="1.0" encoding="UTF-8" ?>
<testsuite tests="4" failures="0" name="SwagLabsLoginTest" time="11.956" errors="0" skipped="0">
  <properties>
[...]
</properties>
  <testcase classname="SwagLabsLoginTest" name="LoginSemSucesso" time="3.453"/>
  <testcase classname="SwagLabsLoginTest" name="LogoutComSucesso" time="2.927"/>
  <testcase classname="SwagLabsLoginTest" name="LoginComSucesso" time="3.452"/>
  <testcase classname="SwagLabsLoginTest" name="AcessarUrlRestritaSemLogar" time="2.124"/>
</testsuite>